Arguments: 
  /Users/felipprodrigues/.nvm/versions/node/v10.13.0/bin/node /Users/felipprodrigues/.yarn/bin/yarn.js init -y

PATH: 
  /Users/felipprodrigues/.rvm/gems/ruby-2.6.6/bin:/Users/felipprodrigues/.rvm/gems/ruby-2.6.6@global/bin:/Users/felipprodrigues/.rvm/rubies/ruby-2.6.6/bin:/Users/felipprodrigues/.yarn/bin:/Users/felipprodrigues/.config/yarn/global/node_modules/.bin:/Users/felipprodrigues/.nvm/versions/node/v10.13.0/bin:/usr/local/bin:/usr/bin:/bin:/usr/sbin:/sbin:/Users/felipprodrigues/.rvm/bin

Yarn version: 
  1.22.5

Node version: 
  10.13.0

Platform: 
  darwin x64

Trace: 
  SyntaxError: /Users/felipprodrigues/Documents/dev/adote-animal/package.json: Unexpected end of JSON input
      at JSON.parse (<anonymous>)
      at /Users/felipprodrigues/.yarn/lib/cli.js:1625:59
      at Generator.next (<anonymous>)
      at step (/Users/felipprodrigues/.yarn/lib/cli.js:310:30)
      at /Users/felipprodrigues/.yarn/lib/cli.js:321:13

npm manifest: 
  

yarn manifest: 
  No manifest

Lockfile: 
  # THIS IS AN AUTOGENERATED FILE. DO NOT EDIT THIS FILE DIRECTLY.
  # yarn lockfile v1
